<?xml version="1.0" encoding="UTF-8"?>
<testsuite name="com.ejo.petwalk.PetomoApplicationTests" tests="1" skipped="0" failures="0" errors="0" timestamp="2019-09-27T10:32:24" hostname="scit-PC" time="0.463">
  <properties/>
  <testcase name="contextLoads" classname="com.ejo.petwalk.PetomoApplicationTests" time="0.463"/>
  <system-out><![CDATA[19:32:16.550 [Test worker] DEBUG org.springframework.test.context.junit4.SpringJUnit4ClassRunner - SpringJUnit4ClassRunner constructor called with [class com.ejo.petwalk.PetomoApplicationTests]
19:32:16.583 [Test worker] DEBUG org.springframework.test.context.BootstrapUtils - Instantiating CacheAwareContextLoaderDelegate from class [org.springframework.test.context.cache.DefaultCacheAwareContextLoaderDelegate]
19:32:16.621 [Test worker] DEBUG org.springframework.test.context.BootstrapUtils - Instantiating BootstrapContext using constructor [public org.springframework.test.context.support.DefaultBootstrapContext(java.lang.Class,org.springframework.test.context.CacheAwareContextLoaderDelegate)]
19:32:16.715 [Test worker] DEBUG org.springframework.test.context.BootstrapUtils - Instantiating TestContextBootstrapper for test class [com.ejo.petwalk.PetomoApplicationTests] from class [org.springframework.boot.test.context.SpringBootTestContextBootstrapper]
19:32:16.763 [Test worker] INFO org.springframework.boot.test.context.SpringBootTestContextBootstrapper - Neither @ContextConfiguration nor @ContextHierarchy found for test class [com.ejo.petwalk.PetomoApplicationTests], using SpringBootContextLoader
19:32:16.770 [Test worker] DEBUG org.springframework.test.context.support.AbstractContextLoader - Did not detect default resource location for test class [com.ejo.petwalk.PetomoApplicationTests]: class path resource [com/ejo/petwalk/PetomoApplicationTests-context.xml] does not exist
19:32:16.771 [Test worker] DEBUG org.springframework.test.context.support.AbstractContextLoader - Did not detect default resource location for test class [com.ejo.petwalk.PetomoApplicationTests]: class path resource [com/ejo/petwalk/PetomoApplicationTestsContext.groovy] does not exist
19:32:16.772 [Test worker] INFO org.springframework.test.context.support.AbstractContextLoader - Could not detect default resource locations for test class [com.ejo.petwalk.PetomoApplicationTests]: no resource found for suffixes {-context.xml, Context.groovy}.
19:32:16.775 [Test worker] INFO org.springframework.test.context.support.AnnotationConfigContextLoaderUtils - Could not detect default configuration classes for test class [com.ejo.petwalk.PetomoApplicationTests]: PetomoApplicationTests does not declare any static, non-private, non-final, nested classes annotated with @Configuration.
19:32:16.896 [Test worker] DEBUG org.springframework.test.context.support.ActiveProfilesUtils - Could not find an 'annotation declaring class' for annotation type [org.springframework.test.context.ActiveProfiles] and class [com.ejo.petwalk.PetomoApplicationTests]
19:32:17.128 [Test worker] DEBUG org.springframework.context.annotation.ClassPathScanningCandidateComponentProvider - Identified candidate component class: file [C:\Users\scit\git\petomo2\Petomo\build\classes\java\main\com\ejo\petwalk\PetomoApplication.class]
19:32:17.133 [Test worker] INFO org.springframework.boot.test.context.SpringBootTestContextBootstrapper - Found @SpringBootConfiguration com.ejo.petwalk.PetomoApplication for test class com.ejo.petwalk.PetomoApplicationTests
19:32:17.449 [Test worker] DEBUG org.springframework.boot.test.context.SpringBootTestContextBootstrapper - @TestExecutionListeners is not present for class [com.ejo.petwalk.PetomoApplicationTests]: using defaults.
19:32:17.451 [Test worker] INFO org.springframework.boot.test.context.SpringBootTestContextBootstrapper - Loaded default TestExecutionListener class names from location [META-INF/spring.factories]: [org.springframework.boot.test.autoconfigure.restdocs.RestDocsTestExecutionListener, org.springframework.boot.test.autoconfigure.web.client.MockRestServiceServerResetTestExecutionListener, org.springframework.boot.test.autoconfigure.web.servlet.MockMvcPrintOnlyOnFailureTestExecutionListener, org.springframework.boot.test.autoconfigure.web.servlet.WebDriverTestExecutionListener, org.springframework.boot.test.mock.mockito.MockitoTestExecutionListener, org.springframework.boot.test.mock.mockito.ResetMocksTestExecutionListener, org.springframework.test.context.web.ServletTestExecutionListener, org.springframework.test.context.support.DirtiesContextBeforeModesTestExecutionListener, org.springframework.test.context.support.DependencyInjectionTestExecutionListener, org.springframework.test.context.support.DirtiesContextTestExecutionListener, org.springframework.test.context.transaction.TransactionalTestExecutionListener, org.springframework.test.context.jdbc.SqlScriptsTestExecutionListener]
19:32:17.506 [Test worker] INFO org.springframework.boot.test.context.SpringBootTestContextBootstrapper - Using TestExecutionListeners: [org.springframework.test.context.web.ServletTestExecutionListener@d522c49, org.springframework.test.context.support.DirtiesContextBeforeModesTestExecutionListener@56a0b4a0, org.springframework.boot.test.mock.mockito.MockitoTestExecutionListener@7008dd7f, org.springframework.boot.test.autoconfigure.SpringBootDependencyInjectionTestExecutionListener@202cb18a, org.springframework.test.context.support.DirtiesContextTestExecutionListener@3c80f1a2, org.springframework.test.context.transaction.TransactionalTestExecutionListener@6fd64726, org.springframework.test.context.jdbc.SqlScriptsTestExecutionListener@59038c86, org.springframework.boot.test.autoconfigure.restdocs.RestDocsTestExecutionListener@1c66c6cd, org.springframework.boot.test.autoconfigure.web.client.MockRestServiceServerResetTestExecutionListener@27503902, org.springframework.boot.test.autoconfigure.web.servlet.MockMvcPrintOnlyOnFailureTestExecutionListener@7a62b5b9, org.springframework.boot.test.autoconfigure.web.servlet.WebDriverTestExecutionListener@3f4061cf, org.springframework.boot.test.mock.mockito.ResetMocksTestExecutionListener@15ba9844]
19:32:17.513 [Test worker] DEBUG org.springframework.test.annotation.ProfileValueUtils - Retrieved @ProfileValueSourceConfiguration [null] for test class [com.ejo.petwalk.PetomoApplicationTests]
19:32:17.514 [Test worker] DEBUG org.springframework.test.annotation.ProfileValueUtils - Retrieved ProfileValueSource type [class org.springframework.test.annotation.SystemProfileValueSource] for class [com.ejo.petwalk.PetomoApplicationTests]
19:32:17.516 [Test worker] DEBUG org.springframework.test.annotation.ProfileValueUtils - Retrieved @ProfileValueSourceConfiguration [null] for test class [com.ejo.petwalk.PetomoApplicationTests]
19:32:17.517 [Test worker] DEBUG org.springframework.test.annotation.ProfileValueUtils - Retrieved ProfileValueSource type [class org.springframework.test.annotation.SystemProfileValueSource] for class [com.ejo.petwalk.PetomoApplicationTests]
19:32:17.529 [Test worker] DEBUG org.springframework.test.context.support.AbstractDirtiesContextTestExecutionListener - Before test class: context [DefaultTestContext@71925d testClass = PetomoApplicationTests, testInstance = [null], testMethod = [null], testException = [null], mergedContextConfiguration = [WebMergedContextConfiguration@1a43a9e6 testClass = PetomoApplicationTests, locations = '{}', classes = '{class com.ejo.petwalk.PetomoApplication}', contextInitializerClasses = '[]', activeProfiles = '{}', propertySourceLocations = '{}', propertySourceProperties = '{org.springframework.boot.test.context.SpringBootTestContextBootstrapper=true}', contextCustomizers = set[org.springframework.boot.test.autoconfigure.properties.PropertyMappingContextCustomizer@0, org.springframework.boot.test.autoconfigure.web.servlet.WebDriverContextCustomizerFactory$Customizer@726c6ca0, org.springframework.boot.test.context.filter.ExcludeFilterContextCustomizer@282fc723, org.springframework.boot.test.json.DuplicateJsonObjectContextCustomizerFactory$DuplicateJsonObjectContextCustomizer@304c45d, org.springframework.boot.test.mock.mockito.MockitoContextCustomizer@0, org.springframework.boot.test.web.client.TestRestTemplateContextCustomizer@5eda81fb], resourceBasePath = 'src/main/webapp', contextLoader = 'org.springframework.boot.test.context.SpringBootContextLoader', parent = [null]], attributes = map['org.springframework.test.context.web.ServletTestExecutionListener.activateListener' -> true]], class annotated with @DirtiesContext [false] with mode [null].
19:32:17.531 [Test worker] DEBUG org.springframework.test.annotation.ProfileValueUtils - Retrieved @ProfileValueSourceConfiguration [null] for test class [com.ejo.petwalk.PetomoApplicationTests]
19:32:17.531 [Test worker] DEBUG org.springframework.test.annotation.ProfileValueUtils - Retrieved ProfileValueSource type [class org.springframework.test.annotation.SystemProfileValueSource] for class [com.ejo.petwalk.PetomoApplicationTests]
19:32:17.585 [Test worker] DEBUG org.springframework.test.context.support.TestPropertySourceUtils - Adding inlined properties to environment: {spring.jmx.enabled=false, org.springframework.boot.test.context.SpringBootTestContextBootstrapper=true, server.port=-1}

  .   ____          _            __ _ _
 /\\ / ___'_ __ _ _(_)_ __  __ _ \ \ \ \
( ( )\___ | '_ | '_| | '_ \/ _` | \ \ \ \
 \\/  ___)| |_)| | | | | || (_| |  ) ) ) )
  '  |____| .__|_| |_|_| |_\__, | / / / /
 =========|_|==============|___/=/_/_/_/
 :: Spring Boot ::        (v2.1.8.RELEASE)

2019-09-27 19:32:18.327  INFO 8480 --- [    Test worker] com.ejo.petwalk.PetomoApplicationTests   : Starting PetomoApplicationTests on scit-PC with PID 8480 (started by scit in C:\Users\scit\git\petomo2\Petomo)
2019-09-27 19:32:18.332  INFO 8480 --- [    Test worker] com.ejo.petwalk.PetomoApplicationTests   : No active profile set, falling back to default profiles: default
2019-09-27 19:32:22.507  INFO 8480 --- [    Test worker] o.s.s.concurrent.ThreadPoolTaskExecutor  : Initializing ExecutorService 'clientInboundChannelExecutor'
2019-09-27 19:32:22.528  INFO 8480 --- [    Test worker] o.s.s.concurrent.ThreadPoolTaskExecutor  : Initializing ExecutorService 'clientOutboundChannelExecutor'
2019-09-27 19:32:22.566  INFO 8480 --- [    Test worker] o.s.s.c.ThreadPoolTaskScheduler          : Initializing ExecutorService 'messageBrokerTaskScheduler'
2019-09-27 19:32:22.682  INFO 8480 --- [    Test worker] o.s.s.concurrent.ThreadPoolTaskExecutor  : Initializing ExecutorService 'brokerChannelExecutor'
2019-09-27 19:32:24.226  INFO 8480 --- [    Test worker] o.s.m.s.b.SimpleBrokerMessageHandler     : Starting...
2019-09-27 19:32:24.226  INFO 8480 --- [    Test worker] o.s.m.s.b.SimpleBrokerMessageHandler     : BrokerAvailabilityEvent[available=true, SimpleBrokerMessageHandler [DefaultSubscriptionRegistry[cache[0 destination(s)], registry[0 sessions]]]]
2019-09-27 19:32:24.227  INFO 8480 --- [    Test worker] o.s.m.s.b.SimpleBrokerMessageHandler     : Started.
2019-09-27 19:32:24.242  INFO 8480 --- [    Test worker] com.ejo.petwalk.PetomoApplicationTests   : Started PetomoApplicationTests in 6.639 seconds (JVM running for 10.319)
]]></system-out>
  <system-err><![CDATA[]]></system-err>
</testsuite>
