<?xml version="1.0" encoding="UTF-8"?>
<testsuite name="com.ejo.petwalk.PetomoApplicationTests" tests="1" skipped="0" failures="0" errors="0" timestamp="2019-10-14T00:45:24" hostname="scit-PC" time="3.353">
  <properties/>
  <testcase name="contextLoads" classname="com.ejo.petwalk.PetomoApplicationTests" time="3.353"/>
  <system-out><![CDATA[09:45:18.103 [Test worker] DEBUG org.springframework.test.context.junit4.SpringJUnit4ClassRunner - SpringJUnit4ClassRunner constructor called with [class com.ejo.petwalk.PetomoApplicationTests]
09:45:18.115 [Test worker] DEBUG org.springframework.test.context.BootstrapUtils - Instantiating CacheAwareContextLoaderDelegate from class [org.springframework.test.context.cache.DefaultCacheAwareContextLoaderDelegate]
09:45:18.126 [Test worker] DEBUG org.springframework.test.context.BootstrapUtils - Instantiating BootstrapContext using constructor [public org.springframework.test.context.support.DefaultBootstrapContext(java.lang.Class,org.springframework.test.context.CacheAwareContextLoaderDelegate)]
09:45:18.154 [Test worker] DEBUG org.springframework.test.context.BootstrapUtils - Instantiating TestContextBootstrapper for test class [com.ejo.petwalk.PetomoApplicationTests] from class [org.springframework.boot.test.context.SpringBootTestContextBootstrapper]
09:45:18.189 [Test worker] INFO org.springframework.boot.test.context.SpringBootTestContextBootstrapper - Neither @ContextConfiguration nor @ContextHierarchy found for test class [com.ejo.petwalk.PetomoApplicationTests], using SpringBootContextLoader
09:45:18.192 [Test worker] DEBUG org.springframework.test.context.support.AbstractContextLoader - Did not detect default resource location for test class [com.ejo.petwalk.PetomoApplicationTests]: class path resource [com/ejo/petwalk/PetomoApplicationTests-context.xml] does not exist
09:45:18.192 [Test worker] DEBUG org.springframework.test.context.support.AbstractContextLoader - Did not detect default resource location for test class [com.ejo.petwalk.PetomoApplicationTests]: class path resource [com/ejo/petwalk/PetomoApplicationTestsContext.groovy] does not exist
09:45:18.193 [Test worker] INFO org.springframework.test.context.support.AbstractContextLoader - Could not detect default resource locations for test class [com.ejo.petwalk.PetomoApplicationTests]: no resource found for suffixes {-context.xml, Context.groovy}.
09:45:18.194 [Test worker] INFO org.springframework.test.context.support.AnnotationConfigContextLoaderUtils - Could not detect default configuration classes for test class [com.ejo.petwalk.PetomoApplicationTests]: PetomoApplicationTests does not declare any static, non-private, non-final, nested classes annotated with @Configuration.
09:45:18.257 [Test worker] DEBUG org.springframework.test.context.support.ActiveProfilesUtils - Could not find an 'annotation declaring class' for annotation type [org.springframework.test.context.ActiveProfiles] and class [com.ejo.petwalk.PetomoApplicationTests]
09:45:18.345 [Test worker] DEBUG org.springframework.context.annotation.ClassPathScanningCandidateComponentProvider - Identified candidate component class: file [C:\Users\scit\git\petomo2\Petomo\build\classes\java\main\com\ejo\petwalk\PetomoApplication.class]
09:45:18.347 [Test worker] INFO org.springframework.boot.test.context.SpringBootTestContextBootstrapper - Found @SpringBootConfiguration com.ejo.petwalk.PetomoApplication for test class com.ejo.petwalk.PetomoApplicationTests
09:45:18.490 [Test worker] DEBUG org.springframework.boot.test.context.SpringBootTestContextBootstrapper - @TestExecutionListeners is not present for class [com.ejo.petwalk.PetomoApplicationTests]: using defaults.
09:45:18.491 [Test worker] INFO org.springframework.boot.test.context.SpringBootTestContextBootstrapper - Loaded default TestExecutionListener class names from location [META-INF/spring.factories]: [org.springframework.boot.test.autoconfigure.restdocs.RestDocsTestExecutionListener, org.springframework.boot.test.autoconfigure.web.client.MockRestServiceServerResetTestExecutionListener, org.springframework.boot.test.autoconfigure.web.servlet.MockMvcPrintOnlyOnFailureTestExecutionListener, org.springframework.boot.test.autoconfigure.web.servlet.WebDriverTestExecutionListener, org.springframework.boot.test.mock.mockito.MockitoTestExecutionListener, org.springframework.boot.test.mock.mockito.ResetMocksTestExecutionListener, org.springframework.test.context.web.ServletTestExecutionListener, org.springframework.test.context.support.DirtiesContextBeforeModesTestExecutionListener, org.springframework.test.context.support.DependencyInjectionTestExecutionListener, org.springframework.test.context.support.DirtiesContextTestExecutionListener, org.springframework.test.context.transaction.TransactionalTestExecutionListener, org.springframework.test.context.jdbc.SqlScriptsTestExecutionListener]
09:45:18.511 [Test worker] INFO org.springframework.boot.test.context.SpringBootTestContextBootstrapper - Using TestExecutionListeners: [org.springframework.test.context.web.ServletTestExecutionListener@51c13bad, org.springframework.test.context.support.DirtiesContextBeforeModesTestExecutionListener@4f40360e, org.springframework.boot.test.mock.mockito.MockitoTestExecutionListener@1e0494ff, org.springframework.boot.test.autoconfigure.SpringBootDependencyInjectionTestExecutionListener@237abbf1, org.springframework.test.context.support.DirtiesContextTestExecutionListener@7b3ef060, org.springframework.test.context.transaction.TransactionalTestExecutionListener@3500494f, org.springframework.test.context.jdbc.SqlScriptsTestExecutionListener@f99907c, org.springframework.boot.test.autoconfigure.restdocs.RestDocsTestExecutionListener@79ca174d, org.springframework.boot.test.autoconfigure.web.client.MockRestServiceServerResetTestExecutionListener@75fb55e4, org.springframework.boot.test.autoconfigure.web.servlet.MockMvcPrintOnlyOnFailureTestExecutionListener@42063025, org.springframework.boot.test.autoconfigure.web.servlet.WebDriverTestExecutionListener@15f5269, org.springframework.boot.test.mock.mockito.ResetMocksTestExecutionListener@28065d70]
09:45:18.515 [Test worker] DEBUG org.springframework.test.annotation.ProfileValueUtils - Retrieved @ProfileValueSourceConfiguration [null] for test class [com.ejo.petwalk.PetomoApplicationTests]
09:45:18.515 [Test worker] DEBUG org.springframework.test.annotation.ProfileValueUtils - Retrieved ProfileValueSource type [class org.springframework.test.annotation.SystemProfileValueSource] for class [com.ejo.petwalk.PetomoApplicationTests]
09:45:18.516 [Test worker] DEBUG org.springframework.test.annotation.ProfileValueUtils - Retrieved @ProfileValueSourceConfiguration [null] for test class [com.ejo.petwalk.PetomoApplicationTests]
09:45:18.516 [Test worker] DEBUG org.springframework.test.annotation.ProfileValueUtils - Retrieved ProfileValueSource type [class org.springframework.test.annotation.SystemProfileValueSource] for class [com.ejo.petwalk.PetomoApplicationTests]
09:45:18.521 [Test worker] DEBUG org.springframework.test.context.support.AbstractDirtiesContextTestExecutionListener - Before test class: context [DefaultTestContext@21fb7cdd testClass = PetomoApplicationTests, testInstance = [null], testMethod = [null], testException = [null], mergedContextConfiguration = [WebMergedContextConfiguration@77eb43f9 testClass = PetomoApplicationTests, locations = '{}', classes = '{class com.ejo.petwalk.PetomoApplication}', contextInitializerClasses = '[]', activeProfiles = '{}', propertySourceLocations = '{}', propertySourceProperties = '{org.springframework.boot.test.context.SpringBootTestContextBootstrapper=true}', contextCustomizers = set[org.springframework.boot.test.autoconfigure.properties.PropertyMappingContextCustomizer@0, org.springframework.boot.test.autoconfigure.web.servlet.WebDriverContextCustomizerFactory$Customizer@43a1ecef, org.springframework.boot.test.context.filter.ExcludeFilterContextCustomizer@607dc3eb, org.springframework.boot.test.json.DuplicateJsonObjectContextCustomizerFactory$DuplicateJsonObjectContextCustomizer@48e687fa, org.springframework.boot.test.mock.mockito.MockitoContextCustomizer@0, org.springframework.boot.test.web.client.TestRestTemplateContextCustomizer@399830fe], resourceBasePath = 'src/main/webapp', contextLoader = 'org.springframework.boot.test.context.SpringBootContextLoader', parent = [null]], attributes = map['org.springframework.test.context.web.ServletTestExecutionListener.activateListener' -> true]], class annotated with @DirtiesContext [false] with mode [null].
09:45:18.522 [Test worker] DEBUG org.springframework.test.annotation.ProfileValueUtils - Retrieved @ProfileValueSourceConfiguration [null] for test class [com.ejo.petwalk.PetomoApplicationTests]
09:45:18.522 [Test worker] DEBUG org.springframework.test.annotation.ProfileValueUtils - Retrieved ProfileValueSource type [class org.springframework.test.annotation.SystemProfileValueSource] for class [com.ejo.petwalk.PetomoApplicationTests]
09:45:18.547 [Test worker] DEBUG org.springframework.test.context.support.TestPropertySourceUtils - Adding inlined properties to environment: {spring.jmx.enabled=false, org.springframework.boot.test.context.SpringBootTestContextBootstrapper=true, server.port=-1}

  .   ____          _            __ _ _
 /\\ / ___'_ __ _ _(_)_ __  __ _ \ \ \ \
( ( )\___ | '_ | '_| | '_ \/ _` | \ \ \ \
 \\/  ___)| |_)| | | | | || (_| |  ) ) ) )
  '  |____| .__|_| |_|_| |_\__, | / / / /
 =========|_|==============|___/=/_/_/_/
 :: Spring Boot ::        (v2.1.8.RELEASE)

2019-10-14 09:45:18.872  INFO 7088 --- [    Test worker] com.ejo.petwalk.PetomoApplicationTests   : Starting PetomoApplicationTests on scit-PC with PID 7088 (started by scit in C:\Users\scit\git\petomo2\Petomo)
2019-10-14 09:45:18.874  INFO 7088 --- [    Test worker] com.ejo.petwalk.PetomoApplicationTests   : No active profile set, falling back to default profiles: default
2019-10-14 09:45:22.517  INFO 7088 --- [    Test worker] o.s.s.concurrent.ThreadPoolTaskExecutor  : Initializing ExecutorService 'clientInboundChannelExecutor'
2019-10-14 09:45:22.534  INFO 7088 --- [    Test worker] o.s.s.concurrent.ThreadPoolTaskExecutor  : Initializing ExecutorService 'clientOutboundChannelExecutor'
2019-10-14 09:45:22.573  INFO 7088 --- [    Test worker] o.s.s.c.ThreadPoolTaskScheduler          : Initializing ExecutorService 'messageBrokerTaskScheduler'
2019-10-14 09:45:22.700  INFO 7088 --- [    Test worker] o.s.s.concurrent.ThreadPoolTaskExecutor  : Initializing ExecutorService 'brokerChannelExecutor'
2019-10-14 09:45:24.735  INFO 7088 --- [    Test worker] o.s.m.s.b.SimpleBrokerMessageHandler     : Starting...
2019-10-14 09:45:24.737  INFO 7088 --- [    Test worker] o.s.m.s.b.SimpleBrokerMessageHandler     : BrokerAvailabilityEvent[available=true, SimpleBrokerMessageHandler [DefaultSubscriptionRegistry[cache[0 destination(s)], registry[0 sessions]]]]
2019-10-14 09:45:24.739  INFO 7088 --- [    Test worker] o.s.m.s.b.SimpleBrokerMessageHandler     : Started.
2019-10-14 09:45:24.780  INFO 7088 --- [    Test worker] com.ejo.petwalk.PetomoApplicationTests   : Started PetomoApplicationTests in 6.218 seconds (JVM running for 7.55)
]]></system-out>
  <system-err><![CDATA[]]></system-err>
</testsuite>
