<?xml version="1.0" encoding="UTF-8"?>
<testsuite name="com.ejo.petwalk.PetomoApplicationTests" tests="1" skipped="0" failures="0" errors="0" timestamp="2019-10-01T02:09:29" hostname="scit-PC" time="0.292">
  <properties/>
  <testcase name="contextLoads" classname="com.ejo.petwalk.PetomoApplicationTests" time="0.292"/>
  <system-out><![CDATA[11:09:22.227 [Test worker] DEBUG org.springframework.test.context.junit4.SpringJUnit4ClassRunner - SpringJUnit4ClassRunner constructor called with [class com.ejo.petwalk.PetomoApplicationTests]
11:09:22.252 [Test worker] DEBUG org.springframework.test.context.BootstrapUtils - Instantiating CacheAwareContextLoaderDelegate from class [org.springframework.test.context.cache.DefaultCacheAwareContextLoaderDelegate]
11:09:22.279 [Test worker] DEBUG org.springframework.test.context.BootstrapUtils - Instantiating BootstrapContext using constructor [public org.springframework.test.context.support.DefaultBootstrapContext(java.lang.Class,org.springframework.test.context.CacheAwareContextLoaderDelegate)]
11:09:22.350 [Test worker] DEBUG org.springframework.test.context.BootstrapUtils - Instantiating TestContextBootstrapper for test class [com.ejo.petwalk.PetomoApplicationTests] from class [org.springframework.boot.test.context.SpringBootTestContextBootstrapper]
11:09:22.385 [Test worker] INFO org.springframework.boot.test.context.SpringBootTestContextBootstrapper - Neither @ContextConfiguration nor @ContextHierarchy found for test class [com.ejo.petwalk.PetomoApplicationTests], using SpringBootContextLoader
11:09:22.396 [Test worker] DEBUG org.springframework.test.context.support.AbstractContextLoader - Did not detect default resource location for test class [com.ejo.petwalk.PetomoApplicationTests]: class path resource [com/ejo/petwalk/PetomoApplicationTests-context.xml] does not exist
11:09:22.397 [Test worker] DEBUG org.springframework.test.context.support.AbstractContextLoader - Did not detect default resource location for test class [com.ejo.petwalk.PetomoApplicationTests]: class path resource [com/ejo/petwalk/PetomoApplicationTestsContext.groovy] does not exist
11:09:22.398 [Test worker] INFO org.springframework.test.context.support.AbstractContextLoader - Could not detect default resource locations for test class [com.ejo.petwalk.PetomoApplicationTests]: no resource found for suffixes {-context.xml, Context.groovy}.
11:09:22.400 [Test worker] INFO org.springframework.test.context.support.AnnotationConfigContextLoaderUtils - Could not detect default configuration classes for test class [com.ejo.petwalk.PetomoApplicationTests]: PetomoApplicationTests does not declare any static, non-private, non-final, nested classes annotated with @Configuration.
11:09:22.515 [Test worker] DEBUG org.springframework.test.context.support.ActiveProfilesUtils - Could not find an 'annotation declaring class' for annotation type [org.springframework.test.context.ActiveProfiles] and class [com.ejo.petwalk.PetomoApplicationTests]
11:09:22.702 [Test worker] DEBUG org.springframework.context.annotation.ClassPathScanningCandidateComponentProvider - Identified candidate component class: file [C:\Users\scit\git\petomo2\Petomo\build\classes\java\main\com\ejo\petwalk\PetomoApplication.class]
11:09:22.705 [Test worker] INFO org.springframework.boot.test.context.SpringBootTestContextBootstrapper - Found @SpringBootConfiguration com.ejo.petwalk.PetomoApplication for test class com.ejo.petwalk.PetomoApplicationTests
11:09:22.971 [Test worker] DEBUG org.springframework.boot.test.context.SpringBootTestContextBootstrapper - @TestExecutionListeners is not present for class [com.ejo.petwalk.PetomoApplicationTests]: using defaults.
11:09:22.973 [Test worker] INFO org.springframework.boot.test.context.SpringBootTestContextBootstrapper - Loaded default TestExecutionListener class names from location [META-INF/spring.factories]: [org.springframework.boot.test.autoconfigure.restdocs.RestDocsTestExecutionListener, org.springframework.boot.test.autoconfigure.web.client.MockRestServiceServerResetTestExecutionListener, org.springframework.boot.test.autoconfigure.web.servlet.MockMvcPrintOnlyOnFailureTestExecutionListener, org.springframework.boot.test.autoconfigure.web.servlet.WebDriverTestExecutionListener, org.springframework.boot.test.mock.mockito.MockitoTestExecutionListener, org.springframework.boot.test.mock.mockito.ResetMocksTestExecutionListener, org.springframework.test.context.web.ServletTestExecutionListener, org.springframework.test.context.support.DirtiesContextBeforeModesTestExecutionListener, org.springframework.test.context.support.DependencyInjectionTestExecutionListener, org.springframework.test.context.support.DirtiesContextTestExecutionListener, org.springframework.test.context.transaction.TransactionalTestExecutionListener, org.springframework.test.context.jdbc.SqlScriptsTestExecutionListener]
11:09:23.034 [Test worker] INFO org.springframework.boot.test.context.SpringBootTestContextBootstrapper - Using TestExecutionListeners: [org.springframework.test.context.web.ServletTestExecutionListener@51c13bad, org.springframework.test.context.support.DirtiesContextBeforeModesTestExecutionListener@4f40360e, org.springframework.boot.test.mock.mockito.MockitoTestExecutionListener@1e0494ff, org.springframework.boot.test.autoconfigure.SpringBootDependencyInjectionTestExecutionListener@237abbf1, org.springframework.test.context.support.DirtiesContextTestExecutionListener@7b3ef060, org.springframework.test.context.transaction.TransactionalTestExecutionListener@3500494f, org.springframework.test.context.jdbc.SqlScriptsTestExecutionListener@f99907c, org.springframework.boot.test.autoconfigure.restdocs.RestDocsTestExecutionListener@79ca174d, org.springframework.boot.test.autoconfigure.web.client.MockRestServiceServerResetTestExecutionListener@75fb55e4, org.springframework.boot.test.autoconfigure.web.servlet.MockMvcPrintOnlyOnFailureTestExecutionListener@42063025, org.springframework.boot.test.autoconfigure.web.servlet.WebDriverTestExecutionListener@15f5269, org.springframework.boot.test.mock.mockito.ResetMocksTestExecutionListener@28065d70]
11:09:23.041 [Test worker] DEBUG org.springframework.test.annotation.ProfileValueUtils - Retrieved @ProfileValueSourceConfiguration [null] for test class [com.ejo.petwalk.PetomoApplicationTests]
11:09:23.043 [Test worker] DEBUG org.springframework.test.annotation.ProfileValueUtils - Retrieved ProfileValueSource type [class org.springframework.test.annotation.SystemProfileValueSource] for class [com.ejo.petwalk.PetomoApplicationTests]
11:09:23.044 [Test worker] DEBUG org.springframework.test.annotation.ProfileValueUtils - Retrieved @ProfileValueSourceConfiguration [null] for test class [com.ejo.petwalk.PetomoApplicationTests]
11:09:23.044 [Test worker] DEBUG org.springframework.test.annotation.ProfileValueUtils - Retrieved ProfileValueSource type [class org.springframework.test.annotation.SystemProfileValueSource] for class [com.ejo.petwalk.PetomoApplicationTests]
11:09:23.054 [Test worker] DEBUG org.springframework.test.context.support.AbstractDirtiesContextTestExecutionListener - Before test class: context [DefaultTestContext@21fb7cdd testClass = PetomoApplicationTests, testInstance = [null], testMethod = [null], testException = [null], mergedContextConfiguration = [WebMergedContextConfiguration@77eb43f9 testClass = PetomoApplicationTests, locations = '{}', classes = '{class com.ejo.petwalk.PetomoApplication}', contextInitializerClasses = '[]', activeProfiles = '{}', propertySourceLocations = '{}', propertySourceProperties = '{org.springframework.boot.test.context.SpringBootTestContextBootstrapper=true}', contextCustomizers = set[org.springframework.boot.test.autoconfigure.properties.PropertyMappingContextCustomizer@0, org.springframework.boot.test.autoconfigure.web.servlet.WebDriverContextCustomizerFactory$Customizer@43a1ecef, org.springframework.boot.test.context.filter.ExcludeFilterContextCustomizer@607dc3eb, org.springframework.boot.test.json.DuplicateJsonObjectContextCustomizerFactory$DuplicateJsonObjectContextCustomizer@48e687fa, org.springframework.boot.test.mock.mockito.MockitoContextCustomizer@0, org.springframework.boot.test.web.client.TestRestTemplateContextCustomizer@399830fe], resourceBasePath = 'src/main/webapp', contextLoader = 'org.springframework.boot.test.context.SpringBootContextLoader', parent = [null]], attributes = map['org.springframework.test.context.web.ServletTestExecutionListener.activateListener' -> true]], class annotated with @DirtiesContext [false] with mode [null].
11:09:23.056 [Test worker] DEBUG org.springframework.test.annotation.ProfileValueUtils - Retrieved @ProfileValueSourceConfiguration [null] for test class [com.ejo.petwalk.PetomoApplicationTests]
11:09:23.056 [Test worker] DEBUG org.springframework.test.annotation.ProfileValueUtils - Retrieved ProfileValueSource type [class org.springframework.test.annotation.SystemProfileValueSource] for class [com.ejo.petwalk.PetomoApplicationTests]
11:09:23.109 [Test worker] DEBUG org.springframework.test.context.support.TestPropertySourceUtils - Adding inlined properties to environment: {spring.jmx.enabled=false, org.springframework.boot.test.context.SpringBootTestContextBootstrapper=true, server.port=-1}

  .   ____          _            __ _ _
 /\\ / ___'_ __ _ _(_)_ __  __ _ \ \ \ \
( ( )\___ | '_ | '_| | '_ \/ _` | \ \ \ \
 \\/  ___)| |_)| | | | | || (_| |  ) ) ) )
  '  |____| .__|_| |_|_| |_\__, | / / / /
 =========|_|==============|___/=/_/_/_/
 :: Spring Boot ::        (v2.1.8.RELEASE)

2019-10-01 11:09:23.783  INFO 6152 --- [    Test worker] com.ejo.petwalk.PetomoApplicationTests   : Starting PetomoApplicationTests on scit-PC with PID 6152 (started by scit in C:\Users\scit\git\petomo2\Petomo)
2019-10-01 11:09:23.788  INFO 6152 --- [    Test worker] com.ejo.petwalk.PetomoApplicationTests   : No active profile set, falling back to default profiles: default
2019-10-01 11:09:27.870  INFO 6152 --- [    Test worker] o.s.s.concurrent.ThreadPoolTaskExecutor  : Initializing ExecutorService 'clientInboundChannelExecutor'
2019-10-01 11:09:27.889  INFO 6152 --- [    Test worker] o.s.s.concurrent.ThreadPoolTaskExecutor  : Initializing ExecutorService 'clientOutboundChannelExecutor'
2019-10-01 11:09:27.924  INFO 6152 --- [    Test worker] o.s.s.c.ThreadPoolTaskScheduler          : Initializing ExecutorService 'messageBrokerTaskScheduler'
2019-10-01 11:09:28.015  INFO 6152 --- [    Test worker] o.s.s.concurrent.ThreadPoolTaskExecutor  : Initializing ExecutorService 'brokerChannelExecutor'
2019-10-01 11:09:29.441  INFO 6152 --- [    Test worker] o.s.m.s.b.SimpleBrokerMessageHandler     : Starting...
2019-10-01 11:09:29.442  INFO 6152 --- [    Test worker] o.s.m.s.b.SimpleBrokerMessageHandler     : BrokerAvailabilityEvent[available=true, SimpleBrokerMessageHandler [DefaultSubscriptionRegistry[cache[0 destination(s)], registry[0 sessions]]]]
2019-10-01 11:09:29.442  INFO 6152 --- [    Test worker] o.s.m.s.b.SimpleBrokerMessageHandler     : Started.
2019-10-01 11:09:29.456  INFO 6152 --- [    Test worker] com.ejo.petwalk.PetomoApplicationTests   : Started PetomoApplicationTests in 6.322 seconds (JVM running for 9.807)
]]></system-out>
  <system-err><![CDATA[]]></system-err>
</testsuite>
