<?xml version="1.0" encoding="UTF-8"?>
<testsuite name="com.ejo.petwalk.PetomoApplicationTests" tests="1" skipped="0" failures="0" errors="0" timestamp="2019-09-24T07:43:23" hostname="scit-PC" time="0.222">
  <properties/>
  <testcase name="contextLoads" classname="com.ejo.petwalk.PetomoApplicationTests" time="0.222"/>
  <system-out><![CDATA[16:43:17.995 [Test worker] DEBUG org.springframework.test.context.junit4.SpringJUnit4ClassRunner - SpringJUnit4ClassRunner constructor called with [class com.ejo.petwalk.PetomoApplicationTests]
16:43:18.013 [Test worker] DEBUG org.springframework.test.context.BootstrapUtils - Instantiating CacheAwareContextLoaderDelegate from class [org.springframework.test.context.cache.DefaultCacheAwareContextLoaderDelegate]
16:43:18.026 [Test worker] DEBUG org.springframework.test.context.BootstrapUtils - Instantiating BootstrapContext using constructor [public org.springframework.test.context.support.DefaultBootstrapContext(java.lang.Class,org.springframework.test.context.CacheAwareContextLoaderDelegate)]
16:43:18.074 [Test worker] DEBUG org.springframework.test.context.BootstrapUtils - Instantiating TestContextBootstrapper for test class [com.ejo.petwalk.PetomoApplicationTests] from class [org.springframework.boot.test.context.SpringBootTestContextBootstrapper]
16:43:18.098 [Test worker] INFO org.springframework.boot.test.context.SpringBootTestContextBootstrapper - Neither @ContextConfiguration nor @ContextHierarchy found for test class [com.ejo.petwalk.PetomoApplicationTests], using SpringBootContextLoader
16:43:18.104 [Test worker] DEBUG org.springframework.test.context.support.AbstractContextLoader - Did not detect default resource location for test class [com.ejo.petwalk.PetomoApplicationTests]: class path resource [com/ejo/petwalk/PetomoApplicationTests-context.xml] does not exist
16:43:18.105 [Test worker] DEBUG org.springframework.test.context.support.AbstractContextLoader - Did not detect default resource location for test class [com.ejo.petwalk.PetomoApplicationTests]: class path resource [com/ejo/petwalk/PetomoApplicationTestsContext.groovy] does not exist
16:43:18.105 [Test worker] INFO org.springframework.test.context.support.AbstractContextLoader - Could not detect default resource locations for test class [com.ejo.petwalk.PetomoApplicationTests]: no resource found for suffixes {-context.xml, Context.groovy}.
16:43:18.106 [Test worker] INFO org.springframework.test.context.support.AnnotationConfigContextLoaderUtils - Could not detect default configuration classes for test class [com.ejo.petwalk.PetomoApplicationTests]: PetomoApplicationTests does not declare any static, non-private, non-final, nested classes annotated with @Configuration.
16:43:18.154 [Test worker] DEBUG org.springframework.test.context.support.ActiveProfilesUtils - Could not find an 'annotation declaring class' for annotation type [org.springframework.test.context.ActiveProfiles] and class [com.ejo.petwalk.PetomoApplicationTests]
16:43:18.261 [Test worker] DEBUG org.springframework.context.annotation.ClassPathScanningCandidateComponentProvider - Identified candidate component class: file [C:\Users\scit\git\petomo2\Petomo\build\classes\java\main\com\ejo\petwalk\PetomoApplication.class]
16:43:18.264 [Test worker] INFO org.springframework.boot.test.context.SpringBootTestContextBootstrapper - Found @SpringBootConfiguration com.ejo.petwalk.PetomoApplication for test class com.ejo.petwalk.PetomoApplicationTests
16:43:18.395 [Test worker] DEBUG org.springframework.boot.test.context.SpringBootTestContextBootstrapper - @TestExecutionListeners is not present for class [com.ejo.petwalk.PetomoApplicationTests]: using defaults.
16:43:18.395 [Test worker] INFO org.springframework.boot.test.context.SpringBootTestContextBootstrapper - Loaded default TestExecutionListener class names from location [META-INF/spring.factories]: [org.springframework.boot.test.autoconfigure.restdocs.RestDocsTestExecutionListener, org.springframework.boot.test.autoconfigure.web.client.MockRestServiceServerResetTestExecutionListener, org.springframework.boot.test.autoconfigure.web.servlet.MockMvcPrintOnlyOnFailureTestExecutionListener, org.springframework.boot.test.autoconfigure.web.servlet.WebDriverTestExecutionListener, org.springframework.boot.test.mock.mockito.MockitoTestExecutionListener, org.springframework.boot.test.mock.mockito.ResetMocksTestExecutionListener, org.springframework.test.context.web.ServletTestExecutionListener, org.springframework.test.context.support.DirtiesContextBeforeModesTestExecutionListener, org.springframework.test.context.support.DependencyInjectionTestExecutionListener, org.springframework.test.context.support.DirtiesContextTestExecutionListener, org.springframework.test.context.transaction.TransactionalTestExecutionListener, org.springframework.test.context.jdbc.SqlScriptsTestExecutionListener]
16:43:18.426 [Test worker] INFO org.springframework.boot.test.context.SpringBootTestContextBootstrapper - Using TestExecutionListeners: [org.springframework.test.context.web.ServletTestExecutionListener@24fae16, org.springframework.test.context.support.DirtiesContextBeforeModesTestExecutionListener@70b08c85, org.springframework.boot.test.mock.mockito.MockitoTestExecutionListener@461f7e5f, org.springframework.boot.test.autoconfigure.SpringBootDependencyInjectionTestExecutionListener@2bb80972, org.springframework.test.context.support.DirtiesContextTestExecutionListener@54f83d0d, org.springframework.test.context.transaction.TransactionalTestExecutionListener@20d857b3, org.springframework.test.context.jdbc.SqlScriptsTestExecutionListener@1d883871, org.springframework.boot.test.autoconfigure.restdocs.RestDocsTestExecutionListener@7610412b, org.springframework.boot.test.autoconfigure.web.client.MockRestServiceServerResetTestExecutionListener@63151ab1, org.springframework.boot.test.autoconfigure.web.servlet.MockMvcPrintOnlyOnFailureTestExecutionListener@192acaf, org.springframework.boot.test.autoconfigure.web.servlet.WebDriverTestExecutionListener@5d05575c, org.springframework.boot.test.mock.mockito.ResetMocksTestExecutionListener@29684cce]
16:43:18.442 [Test worker] DEBUG org.springframework.test.annotation.ProfileValueUtils - Retrieved @ProfileValueSourceConfiguration [null] for test class [com.ejo.petwalk.PetomoApplicationTests]
16:43:18.442 [Test worker] DEBUG org.springframework.test.annotation.ProfileValueUtils - Retrieved ProfileValueSource type [class org.springframework.test.annotation.SystemProfileValueSource] for class [com.ejo.petwalk.PetomoApplicationTests]
16:43:18.442 [Test worker] DEBUG org.springframework.test.annotation.ProfileValueUtils - Retrieved @ProfileValueSourceConfiguration [null] for test class [com.ejo.petwalk.PetomoApplicationTests]
16:43:18.442 [Test worker] DEBUG org.springframework.test.annotation.ProfileValueUtils - Retrieved ProfileValueSource type [class org.springframework.test.annotation.SystemProfileValueSource] for class [com.ejo.petwalk.PetomoApplicationTests]
16:43:18.442 [Test worker] DEBUG org.springframework.test.context.support.AbstractDirtiesContextTestExecutionListener - Before test class: context [DefaultTestContext@c38594e testClass = PetomoApplicationTests, testInstance = [null], testMethod = [null], testException = [null], mergedContextConfiguration = [WebMergedContextConfiguration@3d64a68c testClass = PetomoApplicationTests, locations = '{}', classes = '{class com.ejo.petwalk.PetomoApplication}', contextInitializerClasses = '[]', activeProfiles = '{}', propertySourceLocations = '{}', propertySourceProperties = '{org.springframework.boot.test.context.SpringBootTestContextBootstrapper=true}', contextCustomizers = set[org.springframework.boot.test.autoconfigure.properties.PropertyMappingContextCustomizer@0, org.springframework.boot.test.autoconfigure.web.servlet.WebDriverContextCustomizerFactory$Customizer@1c196fd5, org.springframework.boot.test.context.filter.ExcludeFilterContextCustomizer@240a54db, org.springframework.boot.test.json.DuplicateJsonObjectContextCustomizerFactory$DuplicateJsonObjectContextCustomizer@3dae60d8, org.springframework.boot.test.mock.mockito.MockitoContextCustomizer@0, org.springframework.boot.test.web.client.TestRestTemplateContextCustomizer@61d8ca61], resourceBasePath = 'src/main/webapp', contextLoader = 'org.springframework.boot.test.context.SpringBootContextLoader', parent = [null]], attributes = map['org.springframework.test.context.web.ServletTestExecutionListener.activateListener' -> true]], class annotated with @DirtiesContext [false] with mode [null].
16:43:18.442 [Test worker] DEBUG org.springframework.test.annotation.ProfileValueUtils - Retrieved @ProfileValueSourceConfiguration [null] for test class [com.ejo.petwalk.PetomoApplicationTests]
16:43:18.442 [Test worker] DEBUG org.springframework.test.annotation.ProfileValueUtils - Retrieved ProfileValueSource type [class org.springframework.test.annotation.SystemProfileValueSource] for class [com.ejo.petwalk.PetomoApplicationTests]
16:43:18.489 [Test worker] DEBUG org.springframework.test.context.support.TestPropertySourceUtils - Adding inlined properties to environment: {spring.jmx.enabled=false, org.springframework.boot.test.context.SpringBootTestContextBootstrapper=true, server.port=-1}

  .   ____          _            __ _ _
 /\\ / ___'_ __ _ _(_)_ __  __ _ \ \ \ \
( ( )\___ | '_ | '_| | '_ \/ _` | \ \ \ \
 \\/  ___)| |_)| | | | | || (_| |  ) ) ) )
  '  |____| .__|_| |_|_| |_\__, | / / / /
 =========|_|==============|___/=/_/_/_/
 :: Spring Boot ::        (v2.1.8.RELEASE)

2019-09-24 16:43:18.858  INFO 3128 --- [    Test worker] com.ejo.petwalk.PetomoApplicationTests   : Starting PetomoApplicationTests on scit-PC with PID 3128 (started by scit in C:\Users\scit\git\petomo2\Petomo)
2019-09-24 16:43:18.860  INFO 3128 --- [    Test worker] com.ejo.petwalk.PetomoApplicationTests   : No active profile set, falling back to default profiles: default
2019-09-24 16:43:22.136  INFO 3128 --- [    Test worker] o.s.s.concurrent.ThreadPoolTaskExecutor  : Initializing ExecutorService 'clientInboundChannelExecutor'
2019-09-24 16:43:22.153  INFO 3128 --- [    Test worker] o.s.s.concurrent.ThreadPoolTaskExecutor  : Initializing ExecutorService 'clientOutboundChannelExecutor'
2019-09-24 16:43:22.181  INFO 3128 --- [    Test worker] o.s.s.c.ThreadPoolTaskScheduler          : Initializing ExecutorService 'messageBrokerTaskScheduler'
2019-09-24 16:43:22.262  INFO 3128 --- [    Test worker] o.s.s.concurrent.ThreadPoolTaskExecutor  : Initializing ExecutorService 'brokerChannelExecutor'
2019-09-24 16:43:23.535  INFO 3128 --- [    Test worker] o.s.m.s.b.SimpleBrokerMessageHandler     : Starting...
2019-09-24 16:43:23.536  INFO 3128 --- [    Test worker] o.s.m.s.b.SimpleBrokerMessageHandler     : BrokerAvailabilityEvent[available=true, SimpleBrokerMessageHandler [DefaultSubscriptionRegistry[cache[0 destination(s)], registry[0 sessions]]]]
2019-09-24 16:43:23.536  INFO 3128 --- [    Test worker] o.s.m.s.b.SimpleBrokerMessageHandler     : Started.
2019-09-24 16:43:23.549  INFO 3128 --- [    Test worker] com.ejo.petwalk.PetomoApplicationTests   : Started PetomoApplicationTests in 5.045 seconds (JVM running for 6.327)
]]></system-out>
  <system-err><![CDATA[]]></system-err>
</testsuite>
